tol=1.0e-04, sigma=2.0, host=unkno, nav=4, nbrs=2, l_repulse=5.000, l_tspring=1.000, l_nspring=0.500, l_intensity=0.200, l_curv=1.000
mom=0.00, dt=0.50
complete_dist_mat 0
rms 0
smooth_averages 0
remove_neg 0
ico_order 0
which_surface 0
target_radius 0.000000
nfields 0
scale 0.000000
desired_rms_height 0.000000
momentum 0.000000
nbhd_size 0
max_nbrs 0
niterations 25
nsurfaces 0
SURFACES 3
flags 262144 (40000)
use curv 0
no sulc 0
no rigid align 0
mris->nsize 2
mris->hemisphere 1
randomSeed 0

000: dt: 0.0000, sse=5167029.0, rms=6.18
001: dt: 0.5000, sse=5266013.0, rms=3.560 (0.000%)
002: dt: 0.5000, sse=5748112.0, rms=2.889 (0.000%)
003: dt: 0.5000, sse=6116854.5, rms=2.767 (0.000%)
004: dt: 0.2500, sse=4693312.0, rms=2.121 (0.000%)
005: dt: 0.2500, sse=4190762.8, rms=1.794 (0.000%)
006: dt: 0.2500, sse=4032663.0, rms=1.711 (0.000%)
007: dt: 0.2500, sse=3953199.0, rms=1.684 (0.000%)
008: dt: 0.1250, sse=3896245.2, rms=1.654 (0.000%)
tol=1.0e-04, sigma=1.0, host=unkno, nav=2, nbrs=2, l_repulse=5.000, l_tspring=1.000, l_nspring=0.500, l_intensity=0.200, l_curv=1.000
mom=0.00, dt=0.50
000: dt: 0.0000, sse=4206984.5, rms=3.74
009: dt: 0.5000, sse=4732919.5, rms=2.693 (0.000%)
010: dt: 0.5000, sse=5438103.5, rms=2.626 (0.000%)
011: dt: 0.2500, sse=4540817.5, rms=1.890 (0.000%)
012: dt: 0.2500, sse=4264703.5, rms=1.545 (0.000%)
013: dt: 0.2500, sse=4143923.5, rms=1.470 (0.000%)
014: dt: 0.2500, sse=4083656.5, rms=1.459 (0.000%)
015: dt: 0.1250, sse=4032529.2, rms=1.426 (0.000%)
tol=1.0e-04, sigma=0.5, host=unkno, nav=1, nbrs=2, l_repulse=5.000, l_tspring=1.000, l_nspring=0.500, l_intensity=0.200, l_curv=1.000
mom=0.00, dt=0.50
000: dt: 0.0000, sse=4113283.0, rms=2.35
016: dt: 0.5000, sse=4468657.5, rms=2.158 (0.000%)
017: dt: 0.2500, sse=4295965.5, rms=1.637 (0.000%)
018: dt: 0.2500, sse=4326834.0, rms=1.414 (0.000%)
019: dt: 0.2500, sse=4280201.0, rms=1.398 (0.000%)
020: dt: 0.1250, sse=4236420.0, rms=1.359 (0.000%)
tol=1.0e-04, sigma=0.2, host=unkno, nav=0, nbrs=2, l_repulse=5.000, l_tspring=1.000, l_nspring=0.500, l_intensity=0.200, l_curv=1.000
mom=0.00, dt=0.50
000: dt: 0.0000, sse=4257361.5, rms=1.65
021: dt: 0.5000, sse=5790440.0, rms=1.506 (0.000%)
022: dt: 0.2500, sse=5223201.0, rms=1.154 (0.000%)
023: dt: 0.2500, sse=4996850.5, rms=1.132 (0.000%)
024: dt: 0.1250, sse=5032958.0, rms=1.094 (0.000%)
