tol=1.0e-04, sigma=2.0, host=unkno, nav=4, nbrs=2, l_repulse=5.000, l_tspring=1.000, l_nspring=0.500, l_intensity=0.200, l_curv=1.000
mom=0.00, dt=0.50
complete_dist_mat 0
rms 0
smooth_averages 0
remove_neg 0
ico_order 0
which_surface 0
target_radius 0.000000
nfields 0
scale 0.000000
desired_rms_height 0.000000
momentum 0.000000
nbhd_size 0
max_nbrs 0
niterations 25
nsurfaces 0
SURFACES 3
flags 262144 (40000)
use curv 0
no sulc 0
no rigid align 0
mris->nsize 2
mris->hemisphere 0
randomSeed 0

000: dt: 0.0000, sse=4903666.0, rms=6.56
001: dt: 0.5000, sse=5324224.0, rms=3.901 (0.000%)
002: dt: 0.5000, sse=5789813.0, rms=2.965 (0.000%)
003: dt: 0.5000, sse=6173852.0, rms=2.773 (0.000%)
004: dt: 0.5000, sse=6325761.0, rms=2.765 (0.000%)
005: dt: 0.2500, sse=4464259.0, rms=2.033 (0.000%)
006: dt: 0.2500, sse=4257903.5, rms=1.879 (0.000%)
007: dt: 0.2500, sse=4107519.5, rms=1.863 (0.000%)
008: dt: 0.1250, sse=4050699.0, rms=1.828 (0.000%)
tol=1.0e-04, sigma=1.0, host=unkno, nav=2, nbrs=2, l_repulse=5.000, l_tspring=1.000, l_nspring=0.500, l_intensity=0.200, l_curv=1.000
mom=0.00, dt=0.50
000: dt: 0.0000, sse=4330933.0, rms=3.87
009: dt: 0.5000, sse=4805812.0, rms=2.735 (0.000%)
010: dt: 0.5000, sse=5713913.0, rms=2.570 (0.000%)
011: dt: 0.2500, sse=4776561.0, rms=1.974 (0.000%)
012: dt: 0.2500, sse=4455792.5, rms=1.718 (0.000%)
013: dt: 0.2500, sse=4312446.5, rms=1.676 (0.000%)
014: dt: 0.1250, sse=4245685.0, rms=1.640 (0.000%)
tol=1.0e-04, sigma=0.5, host=unkno, nav=1, nbrs=2, l_repulse=5.000, l_tspring=1.000, l_nspring=0.500, l_intensity=0.200, l_curv=1.000
mom=0.00, dt=0.50
000: dt: 0.0000, sse=4294248.5, rms=2.32
015: dt: 0.5000, sse=4691452.0, rms=2.232 (0.000%)
016: dt: 0.2500, sse=4451085.0, rms=1.796 (0.000%)
017: dt: 0.2500, sse=4503618.5, rms=1.621 (0.000%)
018: dt: 0.2500, sse=4431869.5, rms=1.608 (0.000%)
019: dt: 0.1250, sse=4380640.0, rms=1.560 (0.000%)
tol=1.0e-04, sigma=0.2, host=unkno, nav=0, nbrs=2, l_repulse=5.000, l_tspring=1.000, l_nspring=0.500, l_intensity=0.200, l_curv=1.000
mom=0.00, dt=0.50
000: dt: 0.0000, sse=4401151.5, rms=1.83
020: dt: 0.5000, sse=6117061.5, rms=1.555 (0.000%)
021: dt: 0.2500, sse=5404484.0, rms=1.247 (0.000%)
022: dt: 0.1250, sse=5338450.5, rms=1.223 (0.000%)
